2022-12-16 22:14:04,482 INFO  [Log] ** 
2022-12-16 22:14:04,482 INFO  [Log] ** 
2022-12-16 22:14:04,485 INFO  [Log] ############   My first test case is Login test ################ 
2022-12-16 22:14:04,485 INFO  [Log] ** 
2022-12-16 22:14:04,485 INFO  [Log] ** 
2022-12-16 22:14:04,485 INFO  [Log] My login test is going on 
2022-12-16 22:14:04,485 INFO  [Log] My test case might be failed 
2022-12-16 22:14:14,200 INFO  [Log] ** 
2022-12-16 22:14:14,200 INFO  [Log] ** 
2022-12-16 22:14:14,200 INFO  [Log] ############   My first test case is Login test ################ 
2022-12-16 22:14:14,201 INFO  [Log] ** 
2022-12-16 22:14:14,201 INFO  [Log] ** 
2022-12-16 22:14:14,201 INFO  [Log] My login test is going on 
2022-12-16 22:14:14,201 INFO  [Log] My test case might be failed 
2022-12-16 22:15:28,487 INFO  [Log] ** 
2022-12-16 22:15:28,487 INFO  [Log] ** 
2022-12-16 22:15:28,492 INFO  [Log] ############   My first test case is Login test ################ 
2022-12-16 22:15:28,492 INFO  [Log] ** 
2022-12-16 22:15:28,492 INFO  [Log] ** 
2022-12-16 22:15:28,492 INFO  [Log] My login test is going on 
2022-12-16 22:15:28,492 INFO  [Log] My test case might be failed 
2022-12-16 22:15:49,645 INFO  [Log] ** 
2022-12-16 22:15:49,645 INFO  [Log] ** 
2022-12-16 22:15:49,645 INFO  [Log] ############   My first test case is Login test ################ 
2022-12-16 22:15:49,645 INFO  [Log] ** 
2022-12-16 22:15:49,645 INFO  [Log] ** 
2022-12-16 22:15:49,645 INFO  [Log] My login test is going on 
2022-12-16 22:15:49,645 INFO  [Log] My test case might be failed 
2022-12-16 22:16:14,662 INFO  [Log] My test case is about to complete 
2022-12-16 22:16:14,665 INFO  [Log] ################################## 
2022-12-16 22:16:14,665 INFO  [Log] ########################################## 
2022-12-16 22:16:14,666 INFO  [Log] ############   This is my login test again ################ 
2022-12-16 22:16:14,666 INFO  [Log] ########################## 
2022-12-16 22:16:14,666 INFO  [Log] ########################################## 
2022-12-16 22:24:54,963 INFO  [Log] ** 
2022-12-16 22:24:54,963 INFO  [Log] ** 
2022-12-16 22:24:54,967 INFO  [Log] ############   My first test case is Login test ################ 
2022-12-16 22:24:54,967 INFO  [Log] ** 
2022-12-16 22:24:54,967 INFO  [Log] ** 
2022-12-16 22:24:54,967 INFO  [Log] My login test is going on 
2022-12-16 22:24:54,967 INFO  [Log] My test case might be failed 
2022-12-16 22:25:03,475 INFO  [Log] ** 
2022-12-16 22:25:03,475 INFO  [Log] ** 
2022-12-16 22:25:03,475 INFO  [Log] ############   My first test case is Login test ################ 
2022-12-16 22:25:03,475 INFO  [Log] ** 
2022-12-16 22:25:03,475 INFO  [Log] ** 
2022-12-16 22:25:03,475 INFO  [Log] My login test is going on 
2022-12-16 22:25:03,475 INFO  [Log] My test case might be failed 
2022-12-16 22:25:05,501 INFO  [Log] My test case is about to complete 
2022-12-16 22:25:05,501 INFO  [Log] ################################## 
2022-12-16 22:25:05,501 INFO  [Log] ########################################## 
2022-12-16 22:25:05,503 INFO  [Log] ############   This is my login test again ################ 
2022-12-16 22:25:05,503 INFO  [Log] ########################## 
2022-12-16 22:25:05,503 INFO  [Log] ########################################## 
2022-12-16 22:26:20,353 INFO  [Log] ** 
2022-12-16 22:26:20,354 INFO  [Log] ** 
2022-12-16 22:26:20,357 INFO  [Log] ############   My first test case is Login test ################ 
2022-12-16 22:26:20,358 INFO  [Log] ** 
2022-12-16 22:26:20,358 INFO  [Log] ** 
2022-12-16 22:26:20,358 INFO  [Log] My login test is going on 
2022-12-16 22:26:20,358 INFO  [Log] My test case might be failed 
2022-12-16 22:26:41,900 INFO  [Log] ** 
2022-12-16 22:26:41,900 INFO  [Log] ** 
2022-12-16 22:26:41,900 INFO  [Log] ############   My first test case is Login test ################ 
2022-12-16 22:26:41,900 INFO  [Log] ** 
2022-12-16 22:26:41,901 INFO  [Log] ** 
2022-12-16 22:26:41,901 INFO  [Log] My login test is going on 
2022-12-16 22:26:41,901 INFO  [Log] My test case might be failed 
2022-12-16 22:26:46,573 INFO  [Log] My test case is about to complete 
2022-12-16 22:26:46,573 INFO  [Log] ################################## 
2022-12-16 22:26:46,574 INFO  [Log] ########################################## 
2022-12-16 22:26:46,574 INFO  [Log] ############   This is my login test again ################ 
2022-12-16 22:26:46,574 INFO  [Log] ########################## 
2022-12-16 22:26:46,574 INFO  [Log] ########################################## 
2022-12-16 22:35:35,724 INFO  [Log] ** 
2022-12-16 22:35:35,725 INFO  [Log] ** 
2022-12-16 22:35:35,729 INFO  [Log] ############   My first test case is Login test ################ 
2022-12-16 22:35:35,729 INFO  [Log] ** 
2022-12-16 22:35:35,729 INFO  [Log] ** 
2022-12-16 22:35:35,729 INFO  [Log] My login test is going on 
2022-12-16 22:35:35,729 INFO  [Log] My test case might be failed 
2022-12-16 22:35:54,977 INFO  [Log] ** 
2022-12-16 22:35:54,993 INFO  [Log] ** 
2022-12-16 22:35:54,993 INFO  [Log] ############   My first test case is Login test ################ 
2022-12-16 22:35:54,993 INFO  [Log] ** 
2022-12-16 22:35:55,011 INFO  [Log] ** 
2022-12-16 22:35:55,011 INFO  [Log] My login test is going on 
2022-12-16 22:35:55,011 INFO  [Log] My test case might be failed 
2022-12-16 23:31:26,987 INFO  [Log] ** 
2022-12-16 23:31:26,988 INFO  [Log] ** 
2022-12-16 23:31:26,991 INFO  [Log] ############   My first test case is Login test ################ 
2022-12-16 23:31:26,991 INFO  [Log] ** 
2022-12-16 23:31:26,991 INFO  [Log] ** 
2022-12-16 23:31:26,991 INFO  [Log] My login test is going on 
2022-12-16 23:31:26,991 INFO  [Log] My test case might be failed 
2022-12-16 23:31:52,751 INFO  [Log] ** 
2022-12-16 23:31:52,767 INFO  [Log] ** 
2022-12-16 23:31:52,768 INFO  [Log] ############   My first test case is Login test ################ 
2022-12-16 23:31:52,768 INFO  [Log] ** 
2022-12-16 23:31:52,768 INFO  [Log] ** 
2022-12-16 23:31:52,768 INFO  [Log] My login test is going on 
2022-12-16 23:31:52,768 INFO  [Log] My test case might be failed 
2022-12-16 23:32:40,763 INFO  [Log] My test case is about to complete 
2022-12-16 23:32:40,764 INFO  [Log] ################################## 
2022-12-16 23:32:40,764 INFO  [Log] ########################################## 
2022-12-16 23:32:40,765 INFO  [Log] ############   This is my login test again ################ 
2022-12-16 23:32:40,765 INFO  [Log] ########################## 
2022-12-16 23:32:40,765 INFO  [Log] ########################################## 
2022-12-19 15:24:54,512 INFO  [Log] ** 
2022-12-19 15:24:54,512 INFO  [Log] ** 
2022-12-19 15:24:54,533 INFO  [Log] ############   My first test case is Login test ################ 
2022-12-19 15:24:54,546 INFO  [Log] ** 
2022-12-19 15:24:54,547 INFO  [Log] ** 
2022-12-19 15:24:54,547 INFO  [Log] My login test is going on 
2022-12-19 15:24:54,547 INFO  [Log] My test case might be failed 
2022-12-19 15:25:10,962 INFO  [Log] ** 
2022-12-19 15:25:10,962 INFO  [Log] ** 
2022-12-19 15:25:10,962 INFO  [Log] ############   My first test case is Login test ################ 
2022-12-19 15:25:10,962 INFO  [Log] ** 
2022-12-19 15:25:10,962 INFO  [Log] ** 
2022-12-19 15:25:10,962 INFO  [Log] My login test is going on 
2022-12-19 15:25:10,962 INFO  [Log] My test case might be failed 
2022-12-19 15:42:31,127 INFO  [Log] ** 
2022-12-19 15:42:31,128 INFO  [Log] ** 
2022-12-19 15:42:31,132 INFO  [Log] ############   My first test case is Login test ################ 
2022-12-19 15:42:31,132 INFO  [Log] ** 
2022-12-19 15:42:31,132 INFO  [Log] ** 
2022-12-19 15:42:31,132 INFO  [Log] My login test is going on 
2022-12-19 15:42:31,132 INFO  [Log] My test case might be failed 
2022-12-19 15:42:50,427 INFO  [Log] ** 
2022-12-19 15:42:50,427 INFO  [Log] ** 
2022-12-19 15:42:50,427 INFO  [Log] ############   My first test case is Login test ################ 
2022-12-19 15:42:50,427 INFO  [Log] ** 
2022-12-19 15:42:50,427 INFO  [Log] ** 
2022-12-19 15:42:50,427 INFO  [Log] My login test is going on 
2022-12-19 15:42:50,427 INFO  [Log] My test case might be failed 
2022-12-19 15:43:45,336 INFO  [Log] My test case is about to complete 
2022-12-19 15:43:45,336 INFO  [Log] ################################## 
2022-12-19 15:43:45,336 INFO  [Log] ########################################## 
2022-12-19 15:43:45,337 INFO  [Log] ############   This is my login test again ################ 
2022-12-19 15:43:45,337 INFO  [Log] ########################## 
2022-12-19 15:43:45,337 INFO  [Log] ########################################## 
2022-12-19 15:47:06,029 INFO  [Log] ** 
2022-12-19 15:47:06,029 INFO  [Log] ** 
2022-12-19 15:47:06,033 INFO  [Log] ############   My first test case is Login test ################ 
2022-12-19 15:47:06,033 INFO  [Log] ** 
2022-12-19 15:47:06,033 INFO  [Log] ** 
2022-12-19 15:47:06,033 INFO  [Log] My login test is going on 
2022-12-19 15:47:06,033 INFO  [Log] My test case might be failed 
2022-12-19 15:47:22,127 INFO  [Log] ** 
2022-12-19 15:47:22,127 INFO  [Log] ** 
2022-12-19 15:47:22,127 INFO  [Log] ############   My first test case is Login test ################ 
2022-12-19 15:47:22,128 INFO  [Log] ** 
2022-12-19 15:47:22,128 INFO  [Log] ** 
2022-12-19 15:47:22,128 INFO  [Log] My login test is going on 
2022-12-19 15:47:22,128 INFO  [Log] My test case might be failed 
2022-12-19 15:48:28,788 INFO  [Log] My test case is about to complete 
2022-12-19 15:48:28,788 INFO  [Log] ################################## 
2022-12-19 15:48:28,788 INFO  [Log] ########################################## 
2022-12-19 15:48:28,789 INFO  [Log] ############   This is my login test again ################ 
2022-12-19 15:48:28,789 INFO  [Log] ########################## 
2022-12-19 15:48:28,789 INFO  [Log] ########################################## 
2022-12-19 15:51:51,465 INFO  [Log] ** 
2022-12-19 15:51:51,466 INFO  [Log] ** 
2022-12-19 15:51:51,471 INFO  [Log] ############   My first test case is Login test ################ 
2022-12-19 15:51:51,471 INFO  [Log] ** 
2022-12-19 15:51:51,471 INFO  [Log] ** 
2022-12-19 15:51:51,471 INFO  [Log] My login test is going on 
2022-12-19 15:51:51,471 INFO  [Log] My test case might be failed 
2022-12-19 15:52:10,204 INFO  [Log] ** 
2022-12-19 15:52:10,241 INFO  [Log] ** 
2022-12-19 15:52:10,260 INFO  [Log] ############   My first test case is Login test ################ 
2022-12-19 15:52:10,279 INFO  [Log] ** 
2022-12-19 15:52:10,298 INFO  [Log] ** 
2022-12-19 15:52:10,315 INFO  [Log] My login test is going on 
2022-12-19 15:52:10,315 INFO  [Log] My test case might be failed 
2022-12-19 15:52:23,211 INFO  [Log] My test case is about to complete 
2022-12-19 15:52:23,212 INFO  [Log] ################################## 
2022-12-19 15:52:23,212 INFO  [Log] ########################################## 
2022-12-19 15:52:23,212 INFO  [Log] ############   This is my login test again ################ 
2022-12-19 15:52:23,212 INFO  [Log] ########################## 
2022-12-19 15:52:23,213 INFO  [Log] ########################################## 
2022-12-19 15:57:50,132 INFO  [Log] ** 
2022-12-19 15:57:50,133 INFO  [Log] ** 
2022-12-19 15:57:50,138 INFO  [Log] ############   My first test case is Login test ################ 
2022-12-19 15:57:50,138 INFO  [Log] ** 
2022-12-19 15:57:50,138 INFO  [Log] ** 
2022-12-19 15:57:50,138 INFO  [Log] My login test is going on 
2022-12-19 15:57:50,138 INFO  [Log] My test case might be failed 
2022-12-19 15:58:09,047 INFO  [Log] ** 
2022-12-19 15:58:09,048 INFO  [Log] ** 
2022-12-19 15:58:09,048 INFO  [Log] ############   My first test case is Login test ################ 
2022-12-19 15:58:09,048 INFO  [Log] ** 
2022-12-19 15:58:09,048 INFO  [Log] ** 
2022-12-19 15:58:09,048 INFO  [Log] My login test is going on 
2022-12-19 15:58:09,048 INFO  [Log] My test case might be failed 
2022-12-19 15:58:26,703 INFO  [Log] My test case is about to complete 
2022-12-19 15:58:26,704 INFO  [Log] ################################## 
2022-12-19 15:58:26,704 INFO  [Log] ########################################## 
2022-12-19 15:58:26,704 INFO  [Log] ############   This is my login test again ################ 
2022-12-19 15:58:26,705 INFO  [Log] ########################## 
2022-12-19 15:58:26,705 INFO  [Log] ########################################## 
2022-12-19 16:30:38,324 INFO  [Log] ** 
2022-12-19 16:30:38,325 INFO  [Log] ** 
2022-12-19 16:30:38,328 INFO  [Log] ############   My first test case is Login test ################ 
2022-12-19 16:30:38,328 INFO  [Log] ** 
2022-12-19 16:30:38,328 INFO  [Log] ** 
2022-12-19 16:30:38,328 INFO  [Log] My login test is going on 
2022-12-19 16:30:38,328 INFO  [Log] My test case might be failed 
2022-12-19 16:30:57,805 INFO  [Log] ** 
2022-12-19 16:30:57,806 INFO  [Log] ** 
2022-12-19 16:30:57,806 INFO  [Log] ############   My first test case is Login test ################ 
2022-12-19 16:30:57,806 INFO  [Log] ** 
2022-12-19 16:30:57,806 INFO  [Log] ** 
2022-12-19 16:30:57,806 INFO  [Log] My login test is going on 
2022-12-19 16:30:57,806 INFO  [Log] My test case might be failed 
2022-12-19 16:31:15,818 INFO  [Log] My test case is about to complete 
2022-12-19 16:31:15,819 INFO  [Log] ################################## 
2022-12-19 16:31:15,819 INFO  [Log] ########################################## 
2022-12-19 16:31:15,820 INFO  [Log] ############   This is my login test again ################ 
2022-12-19 16:31:15,820 INFO  [Log] ########################## 
2022-12-19 16:31:15,820 INFO  [Log] ########################################## 
2022-12-19 16:35:39,479 INFO  [Log] ** 
2022-12-19 16:35:39,480 INFO  [Log] ** 
2022-12-19 16:35:39,486 INFO  [Log] ############   My first test case is Login test ################ 
2022-12-19 16:35:39,486 INFO  [Log] ** 
2022-12-19 16:35:39,486 INFO  [Log] ** 
2022-12-19 16:35:39,486 INFO  [Log] My login test is going on 
2022-12-19 16:35:39,486 INFO  [Log] My test case might be failed 
2022-12-19 16:35:55,261 INFO  [Log] ** 
2022-12-19 16:35:55,262 INFO  [Log] ** 
2022-12-19 16:35:55,262 INFO  [Log] ############   My first test case is Login test ################ 
2022-12-19 16:35:55,262 INFO  [Log] ** 
2022-12-19 16:35:55,262 INFO  [Log] ** 
2022-12-19 16:35:55,262 INFO  [Log] My login test is going on 
2022-12-19 16:35:55,262 INFO  [Log] My test case might be failed 
2022-12-19 16:36:17,278 INFO  [Log] My test case is about to complete 
2022-12-19 16:36:17,279 INFO  [Log] ################################## 
2022-12-19 16:36:17,279 INFO  [Log] ########################################## 
2022-12-19 16:36:17,280 INFO  [Log] ############   This is my login test again ################ 
2022-12-19 16:36:17,280 INFO  [Log] ########################## 
2022-12-19 16:36:17,280 INFO  [Log] ########################################## 
2022-12-19 16:45:40,446 INFO  [Log] ** 
2022-12-19 16:45:40,447 INFO  [Log] ** 
2022-12-19 16:45:40,454 INFO  [Log] ############   My first test case is Login test ################ 
2022-12-19 16:45:40,454 INFO  [Log] ** 
2022-12-19 16:45:40,454 INFO  [Log] ** 
2022-12-19 16:45:40,454 INFO  [Log] My login test is going on 
2022-12-19 16:45:40,454 INFO  [Log] My test case might be failed 
2022-12-19 16:45:55,047 INFO  [Log] ** 
2022-12-19 16:45:55,065 INFO  [Log] ** 
2022-12-19 16:45:55,065 INFO  [Log] ############   My first test case is Login test ################ 
2022-12-19 16:45:55,065 INFO  [Log] ** 
2022-12-19 16:45:55,065 INFO  [Log] ** 
2022-12-19 16:45:55,083 INFO  [Log] My login test is going on 
2022-12-19 16:45:55,083 INFO  [Log] My test case might be failed 
2022-12-19 16:46:15,879 INFO  [Log] My test case is about to complete 
2022-12-19 16:46:15,880 INFO  [Log] ################################## 
2022-12-19 16:46:15,880 INFO  [Log] ########################################## 
2022-12-19 16:46:15,880 INFO  [Log] ############   This is my login test again ################ 
2022-12-19 16:46:15,880 INFO  [Log] ########################## 
2022-12-19 16:46:15,880 INFO  [Log] ########################################## 
2022-12-19 17:11:58,986 INFO  [Log] ** 
2022-12-19 17:11:58,986 INFO  [Log] ** 
2022-12-19 17:11:58,991 INFO  [Log] ############   My first test case is Login test ################ 
2022-12-19 17:11:58,991 INFO  [Log] ** 
2022-12-19 17:11:58,991 INFO  [Log] ** 
2022-12-19 17:11:58,991 INFO  [Log] My login test is going on 
2022-12-19 17:11:58,991 INFO  [Log] My test case might be failed 
2022-12-19 17:12:25,744 INFO  [Log] My test case is about to complete 
2022-12-19 17:12:25,744 INFO  [Log] ################################## 
2022-12-19 17:12:25,745 INFO  [Log] ########################################## 
2022-12-19 17:12:25,745 INFO  [Log] ############   This is my login test again ################ 
2022-12-19 17:12:25,745 INFO  [Log] ########################## 
2022-12-19 17:12:25,745 INFO  [Log] ########################################## 
2022-12-19 18:30:58,874 INFO  [Log] ** 
2022-12-19 18:30:58,875 INFO  [Log] ** 
2022-12-19 18:30:58,881 INFO  [Log] ############   My first test case is Login test ################ 
2022-12-19 18:30:58,881 INFO  [Log] ** 
2022-12-19 18:30:58,881 INFO  [Log] ** 
2022-12-19 18:30:58,881 INFO  [Log] My login test is going on 
2022-12-19 18:30:58,881 INFO  [Log] My test case might be failed 
2022-12-19 18:31:24,278 INFO  [Log] My test case is about to complete 
2022-12-19 18:31:24,278 INFO  [Log] ################################## 
2022-12-19 18:31:24,279 INFO  [Log] ########################################## 
2022-12-19 18:31:24,279 INFO  [Log] ############   This is my login test again ################ 
2022-12-19 18:31:24,279 INFO  [Log] ########################## 
2022-12-19 18:31:24,279 INFO  [Log] ########################################## 
2022-12-19 18:32:57,370 INFO  [Log] ** 
2022-12-19 18:32:57,370 INFO  [Log] ** 
2022-12-19 18:32:57,374 INFO  [Log] ############   My first test case is Login test ################ 
2022-12-19 18:32:57,374 INFO  [Log] ** 
2022-12-19 18:32:57,374 INFO  [Log] ** 
2022-12-19 18:32:57,374 INFO  [Log] My login test is going on 
2022-12-19 18:32:57,374 INFO  [Log] My test case might be failed 
2022-12-19 18:33:23,383 INFO  [Log] My test case is about to complete 
2022-12-19 18:33:23,383 INFO  [Log] ################################## 
2022-12-19 18:33:23,383 INFO  [Log] ########################################## 
2022-12-19 18:33:23,384 INFO  [Log] ############   This is my login test again ################ 
2022-12-19 18:33:23,384 INFO  [Log] ########################## 
2022-12-19 18:33:23,384 INFO  [Log] ########################################## 
